<?xml version="1.0" encoding="UTF-8"?>
<!-- Generated by org.testng.reporters.JUnitReportReporter -->
<testsuite hostname="LAPTOP-QTFMA3N2" failures="0" tests="3" name="test.day4" time="0.006" errors="0" timestamp="2025-07-03T16:40:29 IST" skipped="0">
  <testcase classname="test.day4" name="MobileloginHomeLoan" time="0.002"/>
  <testcase classname="test.day4" name="LoginAPIhomeLoan" time="0.002"/>
  <testcase classname="test.day4" name="WebloginHomeLoan" time="0.002"/>
</testsuite> <!-- test.day4 -->
